{"name":"hexo","hostname":"ouyangs-MacBook-Pro.local","pid":10968,"level":20,"msg":"Hexo version: \u001b[35m3.2.2\u001b[39m","time":"2017-05-01T15:35:39.552Z","v":0}
{"name":"hexo","hostname":"ouyangs-MacBook-Pro.local","pid":10968,"level":20,"msg":"Working directory: \u001b[35m~/mygit-repository/blog/ouyangwenyuan.github.io/\u001b[39m","time":"2017-05-01T15:35:39.554Z","v":0}
{"name":"hexo","hostname":"ouyangs-MacBook-Pro.local","pid":10968,"level":20,"msg":"Config loaded: \u001b[35m~/mygit-repository/blog/ouyangwenyuan.github.io/_config.yml\u001b[39m","time":"2017-05-01T15:35:39.628Z","v":0}
{"name":"hexo","hostname":"ouyangs-MacBook-Pro.local","pid":10968,"level":20,"msg":"Loading database.","time":"2017-05-01T15:35:39.632Z","v":0}
{"name":"hexo","hostname":"ouyangs-MacBook-Pro.local","pid":10968,"level":30,"msg":"Start processing","time":"2017-05-01T15:35:39.646Z","v":0}
{"name":"hexo","hostname":"ouyangs-MacBook-Pro.local","pid":10968,"level":20,"msg":"Processed: \u001b[35m_posts/first.md\u001b[39m","time":"2017-05-01T15:35:39.690Z","v":0}
{"name":"hexo","hostname":"ouyangs-MacBook-Pro.local","pid":10968,"level":20,"msg":"Processed: \u001b[35m_posts/hello-world.md\u001b[39m","time":"2017-05-01T15:35:39.691Z","v":0}
{"name":"hexo","hostname":"ouyangs-MacBook-Pro.local","pid":10968,"level":20,"msg":"Theme config loaded.","time":"2017-05-01T15:35:39.710Z","v":0}
{"name":"hexo","hostname":"ouyangs-MacBook-Pro.local","pid":10968,"level":20,"msg":"Processed: \u001b[35m_config.yml\u001b[39m","time":"2017-05-01T15:35:39.710Z","v":0}
{"name":"hexo","hostname":"ouyangs-MacBook-Pro.local","pid":10968,"level":20,"msg":"Processed: \u001b[35msource/css/style.styl\u001b[39m","time":"2017-05-01T15:35:39.718Z","v":0}
{"name":"hexo","hostname":"ouyangs-MacBook-Pro.local","pid":10968,"level":20,"msg":"Processed: \u001b[35msource/fancybox/blank.gif\u001b[39m","time":"2017-05-01T15:35:39.719Z","v":0}
{"name":"hexo","hostname":"ouyangs-MacBook-Pro.local","pid":10968,"level":20,"msg":"Processed: \u001b[35msource/fancybox/fancybox_loading.gif\u001b[39m","time":"2017-05-01T15:35:39.720Z","v":0}
{"name":"hexo","hostname":"ouyangs-MacBook-Pro.local","pid":10968,"level":20,"msg":"Processed: \u001b[35msource/fancybox/fancybox_loading@2x.gif\u001b[39m","time":"2017-05-01T15:35:39.720Z","v":0}
{"name":"hexo","hostname":"ouyangs-MacBook-Pro.local","pid":10968,"level":20,"msg":"Processed: \u001b[35msource/fancybox/fancybox_overlay.png\u001b[39m","time":"2017-05-01T15:35:39.720Z","v":0}
{"name":"hexo","hostname":"ouyangs-MacBook-Pro.local","pid":10968,"level":20,"msg":"Processed: \u001b[35msource/fancybox/fancybox_sprite.png\u001b[39m","time":"2017-05-01T15:35:39.721Z","v":0}
{"name":"hexo","hostname":"ouyangs-MacBook-Pro.local","pid":10968,"level":20,"msg":"Processed: \u001b[35msource/fancybox/fancybox_sprite@2x.png\u001b[39m","time":"2017-05-01T15:35:39.723Z","v":0}
{"name":"hexo","hostname":"ouyangs-MacBook-Pro.local","pid":10968,"level":20,"msg":"Processed: \u001b[35msource/fancybox/jquery.fancybox.css\u001b[39m","time":"2017-05-01T15:35:39.723Z","v":0}
{"name":"hexo","hostname":"ouyangs-MacBook-Pro.local","pid":10968,"level":20,"msg":"Processed: \u001b[35msource/fancybox/jquery.fancybox.js\u001b[39m","time":"2017-05-01T15:35:39.724Z","v":0}
{"name":"hexo","hostname":"ouyangs-MacBook-Pro.local","pid":10968,"level":20,"msg":"Processed: \u001b[35msource/fancybox/jquery.fancybox.pack.js\u001b[39m","time":"2017-05-01T15:35:39.724Z","v":0}
{"name":"hexo","hostname":"ouyangs-MacBook-Pro.local","pid":10968,"level":20,"msg":"Processed: \u001b[35msource/js/script.js\u001b[39m","time":"2017-05-01T15:35:39.725Z","v":0}
{"name":"hexo","hostname":"ouyangs-MacBook-Pro.local","pid":10968,"level":20,"msg":"Processed: \u001b[35mlayout/archive.ejs\u001b[39m","time":"2017-05-01T15:35:39.742Z","v":0}
{"name":"hexo","hostname":"ouyangs-MacBook-Pro.local","pid":10968,"level":20,"msg":"Processed: \u001b[35mlayout/category.ejs\u001b[39m","time":"2017-05-01T15:35:39.742Z","v":0}
{"name":"hexo","hostname":"ouyangs-MacBook-Pro.local","pid":10968,"level":20,"msg":"Processed: \u001b[35mlayout/index.ejs\u001b[39m","time":"2017-05-01T15:35:39.742Z","v":0}
{"name":"hexo","hostname":"ouyangs-MacBook-Pro.local","pid":10968,"level":20,"msg":"Processed: \u001b[35mlayout/layout.ejs\u001b[39m","time":"2017-05-01T15:35:39.743Z","v":0}
{"name":"hexo","hostname":"ouyangs-MacBook-Pro.local","pid":10968,"level":20,"msg":"Processed: \u001b[35mlayout/page.ejs\u001b[39m","time":"2017-05-01T15:35:39.743Z","v":0}
{"name":"hexo","hostname":"ouyangs-MacBook-Pro.local","pid":10968,"level":20,"msg":"Processed: \u001b[35mlayout/post.ejs\u001b[39m","time":"2017-05-01T15:35:39.743Z","v":0}
{"name":"hexo","hostname":"ouyangs-MacBook-Pro.local","pid":10968,"level":20,"msg":"Processed: \u001b[35mlayout/tag.ejs\u001b[39m","time":"2017-05-01T15:35:39.743Z","v":0}
{"name":"hexo","hostname":"ouyangs-MacBook-Pro.local","pid":10968,"level":20,"msg":"Processed: \u001b[35mlanguages/default.yml\u001b[39m","time":"2017-05-01T15:35:39.745Z","v":0}
{"name":"hexo","hostname":"ouyangs-MacBook-Pro.local","pid":10968,"level":20,"msg":"Processed: \u001b[35mlanguages/fr.yml\u001b[39m","time":"2017-05-01T15:35:39.745Z","v":0}
{"name":"hexo","hostname":"ouyangs-MacBook-Pro.local","pid":10968,"level":20,"msg":"Processed: \u001b[35mlanguages/nl.yml\u001b[39m","time":"2017-05-01T15:35:39.746Z","v":0}
{"name":"hexo","hostname":"ouyangs-MacBook-Pro.local","pid":10968,"level":20,"msg":"Processed: \u001b[35mlanguages/no.yml\u001b[39m","time":"2017-05-01T15:35:39.746Z","v":0}
{"name":"hexo","hostname":"ouyangs-MacBook-Pro.local","pid":10968,"level":20,"msg":"Processed: \u001b[35mlanguages/ru.yml\u001b[39m","time":"2017-05-01T15:35:39.746Z","v":0}
{"name":"hexo","hostname":"ouyangs-MacBook-Pro.local","pid":10968,"level":20,"msg":"Processed: \u001b[35mlanguages/zh-CN.yml\u001b[39m","time":"2017-05-01T15:35:39.746Z","v":0}
{"name":"hexo","hostname":"ouyangs-MacBook-Pro.local","pid":10968,"level":20,"msg":"Processed: \u001b[35mlanguages/zh-TW.yml\u001b[39m","time":"2017-05-01T15:35:39.746Z","v":0}
{"name":"hexo","hostname":"ouyangs-MacBook-Pro.local","pid":10968,"level":20,"msg":"Processed: \u001b[35msource/css/fonts/fontawesome-webfont.eot\u001b[39m","time":"2017-05-01T15:35:39.753Z","v":0}
{"name":"hexo","hostname":"ouyangs-MacBook-Pro.local","pid":10968,"level":20,"msg":"Processed: \u001b[35msource/css/fonts/FontAwesome.otf\u001b[39m","time":"2017-05-01T15:35:39.754Z","v":0}
{"name":"hexo","hostname":"ouyangs-MacBook-Pro.local","pid":10968,"level":20,"msg":"Processed: \u001b[35msource/css/fonts/fontawesome-webfont.woff\u001b[39m","time":"2017-05-01T15:35:39.756Z","v":0}
{"name":"hexo","hostname":"ouyangs-MacBook-Pro.local","pid":10968,"level":20,"msg":"Processed: \u001b[35msource/fancybox/helpers/fancybox_buttons.png\u001b[39m","time":"2017-05-01T15:35:39.757Z","v":0}
{"name":"hexo","hostname":"ouyangs-MacBook-Pro.local","pid":10968,"level":20,"msg":"Processed: \u001b[35msource/fancybox/helpers/jquery.fancybox-buttons.css\u001b[39m","time":"2017-05-01T15:35:39.758Z","v":0}
{"name":"hexo","hostname":"ouyangs-MacBook-Pro.local","pid":10968,"level":20,"msg":"Processed: \u001b[35msource/fancybox/helpers/jquery.fancybox-buttons.js\u001b[39m","time":"2017-05-01T15:35:39.758Z","v":0}
{"name":"hexo","hostname":"ouyangs-MacBook-Pro.local","pid":10968,"level":20,"msg":"Processed: \u001b[35msource/fancybox/helpers/jquery.fancybox-media.js\u001b[39m","time":"2017-05-01T15:35:39.758Z","v":0}
{"name":"hexo","hostname":"ouyangs-MacBook-Pro.local","pid":10968,"level":20,"msg":"Processed: \u001b[35msource/fancybox/helpers/jquery.fancybox-thumbs.css\u001b[39m","time":"2017-05-01T15:35:39.758Z","v":0}
{"name":"hexo","hostname":"ouyangs-MacBook-Pro.local","pid":10968,"level":20,"msg":"Processed: \u001b[35msource/fancybox/helpers/jquery.fancybox-thumbs.js\u001b[39m","time":"2017-05-01T15:35:39.759Z","v":0}
{"name":"hexo","hostname":"ouyangs-MacBook-Pro.local","pid":10968,"level":20,"msg":"Processed: \u001b[35msource/css/fonts/fontawesome-webfont.ttf\u001b[39m","time":"2017-05-01T15:35:39.761Z","v":0}
{"name":"hexo","hostname":"ouyangs-MacBook-Pro.local","pid":10968,"level":20,"msg":"Processed: \u001b[35mlayout/_partial/after-footer.ejs\u001b[39m","time":"2017-05-01T15:35:39.762Z","v":0}
{"name":"hexo","hostname":"ouyangs-MacBook-Pro.local","pid":10968,"level":20,"msg":"Processed: \u001b[35mlayout/_partial/archive-post.ejs\u001b[39m","time":"2017-05-01T15:35:39.762Z","v":0}
{"name":"hexo","hostname":"ouyangs-MacBook-Pro.local","pid":10968,"level":20,"msg":"Processed: \u001b[35mlayout/_partial/archive.ejs\u001b[39m","time":"2017-05-01T15:35:39.762Z","v":0}
{"name":"hexo","hostname":"ouyangs-MacBook-Pro.local","pid":10968,"level":20,"msg":"Processed: \u001b[35mlayout/_partial/article.ejs\u001b[39m","time":"2017-05-01T15:35:39.762Z","v":0}
{"name":"hexo","hostname":"ouyangs-MacBook-Pro.local","pid":10968,"level":20,"msg":"Processed: \u001b[35mlayout/_partial/footer.ejs\u001b[39m","time":"2017-05-01T15:35:39.762Z","v":0}
{"name":"hexo","hostname":"ouyangs-MacBook-Pro.local","pid":10968,"level":20,"msg":"Processed: \u001b[35mlayout/_partial/google-analytics.ejs\u001b[39m","time":"2017-05-01T15:35:39.762Z","v":0}
{"name":"hexo","hostname":"ouyangs-MacBook-Pro.local","pid":10968,"level":20,"msg":"Processed: \u001b[35mlayout/_partial/head.ejs\u001b[39m","time":"2017-05-01T15:35:39.762Z","v":0}
{"name":"hexo","hostname":"ouyangs-MacBook-Pro.local","pid":10968,"level":20,"msg":"Processed: \u001b[35mlayout/_partial/header.ejs\u001b[39m","time":"2017-05-01T15:35:39.762Z","v":0}
{"name":"hexo","hostname":"ouyangs-MacBook-Pro.local","pid":10968,"level":20,"msg":"Processed: \u001b[35mlayout/_partial/mobile-nav.ejs\u001b[39m","time":"2017-05-01T15:35:39.762Z","v":0}
{"name":"hexo","hostname":"ouyangs-MacBook-Pro.local","pid":10968,"level":20,"msg":"Processed: \u001b[35mlayout/_partial/sidebar.ejs\u001b[39m","time":"2017-05-01T15:35:39.763Z","v":0}
{"name":"hexo","hostname":"ouyangs-MacBook-Pro.local","pid":10968,"level":20,"msg":"Processed: \u001b[35mlayout/_widget/archive.ejs\u001b[39m","time":"2017-05-01T15:35:39.763Z","v":0}
{"name":"hexo","hostname":"ouyangs-MacBook-Pro.local","pid":10968,"level":20,"msg":"Processed: \u001b[35mlayout/_widget/category.ejs\u001b[39m","time":"2017-05-01T15:35:39.763Z","v":0}
{"name":"hexo","hostname":"ouyangs-MacBook-Pro.local","pid":10968,"level":20,"msg":"Processed: \u001b[35mlayout/_widget/recent_posts.ejs\u001b[39m","time":"2017-05-01T15:35:39.763Z","v":0}
{"name":"hexo","hostname":"ouyangs-MacBook-Pro.local","pid":10968,"level":20,"msg":"Processed: \u001b[35mlayout/_widget/tag.ejs\u001b[39m","time":"2017-05-01T15:35:39.763Z","v":0}
{"name":"hexo","hostname":"ouyangs-MacBook-Pro.local","pid":10968,"level":20,"msg":"Processed: \u001b[35mlayout/_widget/tagcloud.ejs\u001b[39m","time":"2017-05-01T15:35:39.763Z","v":0}
{"name":"hexo","hostname":"ouyangs-MacBook-Pro.local","pid":10968,"level":20,"msg":"Processed: \u001b[35msource/css/images/banner.jpg\u001b[39m","time":"2017-05-01T15:35:39.765Z","v":0}
{"name":"hexo","hostname":"ouyangs-MacBook-Pro.local","pid":10968,"level":20,"msg":"Processed: \u001b[35msource/css/fonts/fontawesome-webfont.svg\u001b[39m","time":"2017-05-01T15:35:39.765Z","v":0}
{"name":"hexo","hostname":"ouyangs-MacBook-Pro.local","pid":10968,"level":20,"msg":"Processed: \u001b[35mlayout/_partial/post/category.ejs\u001b[39m","time":"2017-05-01T15:35:39.766Z","v":0}
{"name":"hexo","hostname":"ouyangs-MacBook-Pro.local","pid":10968,"level":20,"msg":"Processed: \u001b[35mlayout/_partial/post/date.ejs\u001b[39m","time":"2017-05-01T15:35:39.767Z","v":0}
{"name":"hexo","hostname":"ouyangs-MacBook-Pro.local","pid":10968,"level":20,"msg":"Processed: \u001b[35mlayout/_partial/post/gallery.ejs\u001b[39m","time":"2017-05-01T15:35:39.767Z","v":0}
{"name":"hexo","hostname":"ouyangs-MacBook-Pro.local","pid":10968,"level":20,"msg":"Processed: \u001b[35mlayout/_partial/post/nav.ejs\u001b[39m","time":"2017-05-01T15:35:39.767Z","v":0}
{"name":"hexo","hostname":"ouyangs-MacBook-Pro.local","pid":10968,"level":20,"msg":"Processed: \u001b[35mlayout/_partial/post/tag.ejs\u001b[39m","time":"2017-05-01T15:35:39.767Z","v":0}
{"name":"hexo","hostname":"ouyangs-MacBook-Pro.local","pid":10968,"level":20,"msg":"Processed: \u001b[35mlayout/_partial/post/title.ejs\u001b[39m","time":"2017-05-01T15:35:39.767Z","v":0}
{"name":"hexo","hostname":"ouyangs-MacBook-Pro.local","pid":10968,"level":20,"msg":"Generator: \u001b[35mpage\u001b[39m","time":"2017-05-01T15:35:39.773Z","v":0}
{"name":"hexo","hostname":"ouyangs-MacBook-Pro.local","pid":10968,"level":20,"msg":"Generator: \u001b[35mpost\u001b[39m","time":"2017-05-01T15:35:39.773Z","v":0}
{"name":"hexo","hostname":"ouyangs-MacBook-Pro.local","pid":10968,"level":20,"msg":"Generator: \u001b[35masset\u001b[39m","time":"2017-05-01T15:35:39.774Z","v":0}
{"name":"hexo","hostname":"ouyangs-MacBook-Pro.local","pid":10968,"level":30,"msg":"Files loaded in \u001b[36m145 ms\u001b[39m","time":"2017-05-01T15:35:39.777Z","v":0}
{"name":"hexo","hostname":"ouyangs-MacBook-Pro.local","pid":10968,"level":30,"msg":"Generated: \u001b[35mcss/style.styl\u001b[39m","time":"2017-05-01T15:35:39.829Z","v":0}
{"name":"hexo","hostname":"ouyangs-MacBook-Pro.local","pid":10968,"level":30,"msg":"Generated: \u001b[35mfancybox/jquery.fancybox.pack.js\u001b[39m","time":"2017-05-01T15:35:39.830Z","v":0}
{"name":"hexo","hostname":"ouyangs-MacBook-Pro.local","pid":10968,"level":30,"msg":"Generated: \u001b[35mfancybox/jquery.fancybox.css\u001b[39m","time":"2017-05-01T15:35:39.830Z","v":0}
{"name":"hexo","hostname":"ouyangs-MacBook-Pro.local","pid":10968,"level":30,"msg":"Generated: \u001b[35mfancybox/blank.gif\u001b[39m","time":"2017-05-01T15:35:39.830Z","v":0}
{"name":"hexo","hostname":"ouyangs-MacBook-Pro.local","pid":10968,"level":30,"msg":"Generated: \u001b[35mfancybox/jquery.fancybox.js\u001b[39m","time":"2017-05-01T15:35:39.830Z","v":0}
{"name":"hexo","hostname":"ouyangs-MacBook-Pro.local","pid":10968,"level":30,"msg":"Generated: \u001b[35mfancybox/fancybox_sprite.png\u001b[39m","time":"2017-05-01T15:35:39.831Z","v":0}
{"name":"hexo","hostname":"ouyangs-MacBook-Pro.local","pid":10968,"level":30,"msg":"Generated: \u001b[35mfancybox/fancybox_sprite@2x.png\u001b[39m","time":"2017-05-01T15:35:39.831Z","v":0}
{"name":"hexo","hostname":"ouyangs-MacBook-Pro.local","pid":10968,"level":30,"msg":"Generated: \u001b[35mfancybox/fancybox_loading@2x.gif\u001b[39m","time":"2017-05-01T15:35:39.831Z","v":0}
{"name":"hexo","hostname":"ouyangs-MacBook-Pro.local","pid":10968,"level":30,"msg":"Generated: \u001b[35mfancybox/fancybox_overlay.png\u001b[39m","time":"2017-05-01T15:35:39.831Z","v":0}
{"name":"hexo","hostname":"ouyangs-MacBook-Pro.local","pid":10968,"level":30,"msg":"Generated: \u001b[35mfancybox/fancybox_loading.gif\u001b[39m","time":"2017-05-01T15:35:39.831Z","v":0}
{"name":"hexo","hostname":"ouyangs-MacBook-Pro.local","pid":10968,"level":30,"msg":"Generated: \u001b[35mcss/fonts/fontawesome-webfont.ttf\u001b[39m","time":"2017-05-01T15:35:39.831Z","v":0}
{"name":"hexo","hostname":"ouyangs-MacBook-Pro.local","pid":10968,"level":30,"msg":"Generated: \u001b[35mjs/script.js\u001b[39m","time":"2017-05-01T15:35:39.832Z","v":0}
{"name":"hexo","hostname":"ouyangs-MacBook-Pro.local","pid":10968,"level":30,"msg":"Generated: \u001b[35mfancybox/helpers/jquery.fancybox-buttons.css\u001b[39m","time":"2017-05-01T15:35:39.832Z","v":0}
{"name":"hexo","hostname":"ouyangs-MacBook-Pro.local","pid":10968,"level":30,"msg":"Generated: \u001b[35mcss/fonts/fontawesome-webfont.eot\u001b[39m","time":"2017-05-01T15:35:39.832Z","v":0}
{"name":"hexo","hostname":"ouyangs-MacBook-Pro.local","pid":10968,"level":30,"msg":"Generated: \u001b[35mcss/fonts/fontawesome-webfont.svg\u001b[39m","time":"2017-05-01T15:35:39.832Z","v":0}
{"name":"hexo","hostname":"ouyangs-MacBook-Pro.local","pid":10968,"level":30,"msg":"Generated: \u001b[35mcss/fonts/FontAwesome.otf\u001b[39m","time":"2017-05-01T15:35:39.832Z","v":0}
{"name":"hexo","hostname":"ouyangs-MacBook-Pro.local","pid":10968,"level":30,"msg":"Generated: \u001b[35mfancybox/helpers/jquery.fancybox-thumbs.js\u001b[39m","time":"2017-05-01T15:35:39.832Z","v":0}
{"name":"hexo","hostname":"ouyangs-MacBook-Pro.local","pid":10968,"level":30,"msg":"Generated: \u001b[35mfancybox/helpers/fancybox_buttons.png\u001b[39m","time":"2017-05-01T15:35:39.832Z","v":0}
{"name":"hexo","hostname":"ouyangs-MacBook-Pro.local","pid":10968,"level":30,"msg":"Generated: \u001b[35mfancybox/helpers/jquery.fancybox-buttons.js\u001b[39m","time":"2017-05-01T15:35:39.832Z","v":0}
{"name":"hexo","hostname":"ouyangs-MacBook-Pro.local","pid":10968,"level":30,"msg":"Generated: \u001b[35mfancybox/helpers/jquery.fancybox-thumbs.css\u001b[39m","time":"2017-05-01T15:35:39.833Z","v":0}
{"name":"hexo","hostname":"ouyangs-MacBook-Pro.local","pid":10968,"level":30,"msg":"Generated: \u001b[35mcss/fonts/fontawesome-webfont.woff\u001b[39m","time":"2017-05-01T15:35:39.833Z","v":0}
{"name":"hexo","hostname":"ouyangs-MacBook-Pro.local","pid":10968,"level":30,"msg":"Generated: \u001b[35mfancybox/helpers/jquery.fancybox-media.js\u001b[39m","time":"2017-05-01T15:35:39.833Z","v":0}
{"name":"hexo","hostname":"ouyangs-MacBook-Pro.local","pid":10968,"level":30,"msg":"Generated: \u001b[35mcss/images/banner.jpg\u001b[39m","time":"2017-05-01T15:35:39.833Z","v":0}
{"name":"hexo","hostname":"ouyangs-MacBook-Pro.local","pid":10968,"level":30,"msg":"23 files generated in \u001b[36m56 ms\u001b[39m","time":"2017-05-01T15:35:39.833Z","v":0}
{"name":"hexo","hostname":"ouyangs-MacBook-Pro.local","pid":10968,"level":20,"msg":"Database saved","time":"2017-05-01T15:35:39.846Z","v":0}
